<?xml version="1.0" encoding="UTF-8"?>
<testsuites name="Mocha Tests" time="0.0990" tests="4" failures="4">
  <testsuite name="Root Suite" timestamp="2023-01-18T19:40:07" tests="0" time="0.0000" failures="0">
  </testsuite>
  <testsuite name="kanban_boards_api" timestamp="2023-01-18T19:40:07" tests="4" file="D:\programmes\programming\hacker rank\tamwaal\72f970d3-0ce5-4f1f-af72-fdc89088449b\test\index.spec.js" time="0.0990" failures="4">
    <testcase name="kanban_boards_api should create a new item in the board" time="0.0360" classname="should create a new item in the board">
      <failure message="expected { Object (_events, _eventsCount, ...) } to have status code 201 but got 404" type="AssertionError"><![CDATA[AssertionError: expected { Object (_events, _eventsCount, ...) } to have status code 201 but got 404
    at Context.<anonymous> (test\index.spec.js:44:30)
    at process.processTicksAndRejections (node:internal/process/task_queues:95:5)]]></failure>
    </testcase>
    <testcase name="kanban_boards_api should update the stage for the item" time="0.0170" classname="should update the stage for the item">
      <failure message="expected { Object (_events, _eventsCount, ...) } to have status code 200 but got 404" type="AssertionError"><![CDATA[AssertionError: expected { Object (_events, _eventsCount, ...) } to have status code 200 but got 404
    at Context.<anonymous> (test\index.spec.js:53:30)
    at process.processTicksAndRejections (node:internal/process/task_queues:95:5)]]></failure>
    </testcase>
    <testcase name="kanban_boards_api should return with status 400 if the stage is not valid" time="0.0160" classname="should return with status 400 if the stage is not valid">
      <failure message="expected { Object (_events, _eventsCount, ...) } to have status code 400 but got 404" type="AssertionError"><![CDATA[AssertionError: expected { Object (_events, _eventsCount, ...) } to have status code 400 but got 404
    at Context.<anonymous> (test\index.spec.js:61:30)
    at process.processTicksAndRejections (node:internal/process/task_queues:95:5)]]></failure>
    </testcase>
    <testcase name="kanban_boards_api should update the stages correctly for a series of requests" time="0.0300" classname="should update the stages correctly for a series of requests">
      <failure message="expected 404 to deeply equal 200" type="AssertionError"><![CDATA[AssertionError: expected 404 to deeply equal 200
    at D:\programmes\programming\hacker rank\tamwaal\72f970d3-0ce5-4f1f-af72-fdc89088449b\test\index.spec.js:69:44
    at process.processTicksAndRejections (node:internal/process/task_queues:95:5)]]></failure>
    </testcase>
  </testsuite>
</testsuites>